<?xml version="1.0" encoding="UTF-8"?>
<!-- Generated by org.testng.reporters.JUnitReportReporter -->
<testsuite hostname="DESKTOP-J9SFK6I" failures="0" tests="1" name="technopanda.automate.AppTest" time="4.871" errors="0" timestamp="2022-12-29T10:23:35 ICT" skipped="0">
  <testcase classname="technopanda.automate.AppTest" name="shouldAnswerWithTrue" time="4.871"/>
  <system-out/>
</testsuite> <!-- technopanda.automate.AppTest -->
