<?xml version="1.0" encoding="UTF-8"?>
<!-- Generated by org.testng.reporters.JUnitReportReporter -->
<testsuite hostname="DESKTOP-J9SFK6I" failures="0" tests="1" name="technopanda.automate.VerifySorting" time="5.570" errors="0" timestamp="2023-01-06T15:47:26 ICT" skipped="0">
  <testcase classname="technopanda.automate.VerifySorting" name="verify_item_sorted_by_name" time="5.570"/>
  <system-out/>
</testsuite> <!-- technopanda.automate.VerifySorting -->
