<?xml version="1.0" encoding="UTF-8"?>
<!-- Generated by org.testng.reporters.JUnitReportReporter -->
<testsuite hostname="DESKTOP-J9SFK6I" failures="0" tests="3" name="technopanda.automate.VerifySorting" time="16.329" errors="0" timestamp="2022-12-29T16:38:07 ICT" skipped="0">
  <testcase classname="technopanda.automate.VerifySorting" name="verify_item_sorted_by_name" time="6.534"/>
  <system-out/>
  <testcase classname="technopanda.automate.VerifySorting" name="verify_welcome_title" time="4.156"/>
  <system-out/>
  <testcase classname="technopanda.automate.VerifySorting" name="verify_mobile_title" time="5.639"/>
  <system-out/>
</testsuite> <!-- technopanda.automate.VerifySorting -->
