<?xml version="1.0" encoding="UTF-8"?>
<!-- Generated by org.testng.reporters.JUnitReportReporter -->
<testsuite hostname="DESKTOP-J9SFK6I" failures="0" tests="1" name="technopanda.automate.VerifySorting" time="6.239" errors="0" timestamp="2022-12-29T15:40:05 ICT" skipped="0">
  <testcase classname="technopanda.automate.VerifySorting" name="verify_item_in_mobile_list_page_can_be_sorted_by_name" time="6.239"/>
  <system-out/>
</testsuite> <!-- technopanda.automate.VerifySorting -->
