<?xml version="1.0" encoding="UTF-8"?>
<!-- Generated by org.testng.reporters.JUnitReportReporter -->
<testsuite hostname="DESKTOP-J9SFK6I" failures="0" tests="1" name="technopanda.automate.VerifyPrice" time="7.437" errors="0" timestamp="2023-01-31T20:29:19 ICT" skipped="0">
  <testcase classname="technopanda.automate.VerifyPrice" name="verify_price" time="7.437"/>
  <system-out/>
</testsuite> <!-- technopanda.automate.VerifyPrice -->
